Copyright 1986-2016 Xilinx, Inc. All Rights Reserved.
-------------------------------------------------------------------------------------------------------------------------------------------------
| Tool Version     : Vivado v.2016.4 (win64) Build 1733598 Wed Dec 14 22:35:39 MST 2016
| Date             : Tue Mar 19 08:48:53 2019
| Host             : CSE-P07-2168-13 running 64-bit major release  (build 9200)
| Command          : report_power -file RISCV_Top_power_routed.rpt -pb RISCV_Top_power_summary_routed.pb -rpx RISCV_Top_power_routed.rpx
| Design           : RISCV_Top
| Device           : xc7a100tcsg324-1
| Design State     : routed
| Grade            : commercial
| Process          : typical
| Characterization : Production
-------------------------------------------------------------------------------------------------------------------------------------------------

Power Report

Table of Contents
-----------------
1. Summary
1.1 On-Chip Components
1.2 Power Supply Summary
1.3 Confidence Level
2. Settings
2.1 Environment
2.2 Clock Constraints
3. Detailed Reports
3.1 By Hierarchy

1. Summary
----------

+--------------------------+----------------------------------+
| Total On-Chip Power (W)  | 33.689 (Junction temp exceeded!) |
| Dynamic (W)              | 32.892                           |
| Device Static (W)        | 0.797                            |
| Effective TJA (C/W)      | 4.6                              |
| Max Ambient (C)          | 0.0                              |
| Junction Temperature (C) | 125.0                            |
| Confidence Level         | Low                              |
| Setting File             | ---                              |
| Simulation Activity File | ---                              |
| Design Nets Matched      | NA                               |
+--------------------------+----------------------------------+


1.1 On-Chip Components
----------------------

+----------------+-----------+----------+-----------+-----------------+
| On-Chip        | Power (W) | Used     | Available | Utilization (%) |
+----------------+-----------+----------+-----------+-----------------+
| Slice Logic    |     3.465 |     4978 |       --- |             --- |
|   LUT as Logic |     3.311 |     1274 |     63400 |            2.01 |
|   CARRY4       |     0.080 |       25 |     15850 |            0.16 |
|   Register     |     0.062 |     2849 |    126800 |            2.25 |
|   BUFG         |     0.012 |        2 |        32 |            6.25 |
|   F7/F8 Muxes  |    <0.001 |      448 |     63400 |            0.71 |
|   Others       |     0.000 |      297 |       --- |             --- |
| Signals        |     3.674 |     3663 |       --- |             --- |
| I/O            |    25.754 |       36 |       210 |           17.14 |
| Static Power   |     0.797 |          |           |                 |
| Total          |    33.689 |          |           |                 |
+----------------+-----------+----------+-----------+-----------------+


1.2 Power Supply Summary
------------------------

+-----------+-------------+-----------+-------------+------------+
| Source    | Voltage (V) | Total (A) | Dynamic (A) | Static (A) |
+-----------+-------------+-----------+-------------+------------+
| Vccint    |       1.000 |     7.733 |       7.171 |      0.563 |
| Vccaux    |       1.800 |     1.035 |       0.943 |      0.093 |
| Vcco33    |       3.300 |     7.284 |       7.280 |      0.004 |
| Vcco25    |       2.500 |     0.000 |       0.000 |      0.000 |
| Vcco18    |       1.800 |     0.000 |       0.000 |      0.000 |
| Vcco15    |       1.500 |     0.000 |       0.000 |      0.000 |
| Vcco135   |       1.350 |     0.000 |       0.000 |      0.000 |
| Vcco12    |       1.200 |     0.000 |       0.000 |      0.000 |
| Vccaux_io |       1.800 |     0.000 |       0.000 |      0.000 |
| Vccbram   |       1.000 |     0.018 |       0.000 |      0.018 |
| MGTAVcc   |       1.000 |     0.000 |       0.000 |      0.000 |
| MGTAVtt   |       1.200 |     0.000 |       0.000 |      0.000 |
| Vccadc    |       1.800 |     0.020 |       0.000 |      0.020 |
+-----------+-------------+-----------+-------------+------------+


1.3 Confidence Level
--------------------

+-----------------------------+------------+--------------------------------------------------------+--------------------------------------------------------------------------------------------------------------------+
| User Input Data             | Confidence | Details                                                | Action                                                                                                             |
+-----------------------------+------------+--------------------------------------------------------+--------------------------------------------------------------------------------------------------------------------+
| Design implementation state | High       | Design is routed                                       |                                                                                                                    |
| Clock nodes activity        | Low        | User specified less than 75% of clocks                 | Provide missing clock activity with a constraint file, simulation results or by editing the "By Clock Domain" view |
| I/O nodes activity          | Low        | More than 75% of inputs are missing user specification | Provide missing input activity with simulation results or by editing the "By Resource Type -> I/Os" view           |
| Internal nodes activity     | Medium     | User specified less than 25% of internal nodes         | Provide missing internal nodes activity with simulation results or by editing the "By Resource Type" views         |
| Device models               | High       | Device models are Production                           |                                                                                                                    |
|                             |            |                                                        |                                                                                                                    |
| Overall confidence level    | Low        |                                                        |                                                                                                                    |
+-----------------------------+------------+--------------------------------------------------------+--------------------------------------------------------------------------------------------------------------------+


2. Settings
-----------

2.1 Environment
---------------

+-----------------------+--------------------------+
| Ambient Temp (C)      | 25.0                     |
| ThetaJA (C/W)         | 4.6                      |
| Airflow (LFM)         | 250                      |
| Heat Sink             | medium (Medium Profile)  |
| ThetaSA (C/W)         | 4.6                      |
| Board Selection       | medium (10"x10")         |
| # of Board Layers     | 12to15 (12 to 15 Layers) |
| Board Temperature (C) | 25.0                     |
+-----------------------+--------------------------+


2.2 Clock Constraints
---------------------

+-------+--------+-----------------+
| Clock | Domain | Constraint (ns) |
+-------+--------+-----------------+


3. Detailed Reports
-------------------

3.1 By Hierarchy
----------------

+-----------------------+-----------+
| Name                  | Power (W) |
+-----------------------+-----------+
| RISCV_Top             |    32.892 |
|   rv                  |     4.234 |
|     EX_MEM            |     0.824 |
|       genblk1[0].f    |     0.002 |
|       genblk1[102].f  |     0.039 |
|       genblk1[103].f  |     0.073 |
|       genblk1[104].f  |     0.002 |
|       genblk1[106].f  |     0.003 |
|       genblk1[10].f   |    <0.001 |
|       genblk1[11].f   |    <0.001 |
|       genblk1[12].f   |    <0.001 |
|       genblk1[13].f   |    <0.001 |
|       genblk1[14].f   |    <0.001 |
|       genblk1[15].f   |    <0.001 |
|       genblk1[16].f   |    <0.001 |
|       genblk1[17].f   |    <0.001 |
|       genblk1[18].f   |    <0.001 |
|       genblk1[19].f   |    <0.001 |
|       genblk1[1].f    |     0.001 |
|       genblk1[20].f   |    <0.001 |
|       genblk1[21].f   |    <0.001 |
|       genblk1[22].f   |    <0.001 |
|       genblk1[23].f   |    <0.001 |
|       genblk1[24].f   |    <0.001 |
|       genblk1[25].f   |    <0.001 |
|       genblk1[26].f   |    <0.001 |
|       genblk1[27].f   |    <0.001 |
|       genblk1[28].f   |    <0.001 |
|       genblk1[29].f   |    <0.001 |
|       genblk1[2].f    |     0.002 |
|       genblk1[30].f   |    <0.001 |
|       genblk1[31].f   |    <0.001 |
|       genblk1[32].f   |    <0.001 |
|       genblk1[33].f   |    <0.001 |
|       genblk1[34].f   |    <0.001 |
|       genblk1[35].f   |    <0.001 |
|       genblk1[36].f   |    <0.001 |
|       genblk1[37].f   |    <0.001 |
|       genblk1[38].f   |     0.002 |
|       genblk1[39].f   |     0.213 |
|       genblk1[3].f    |     0.001 |
|       genblk1[40].f   |     0.191 |
|       genblk1[41].f   |     0.018 |
|       genblk1[42].f   |     0.010 |
|       genblk1[43].f   |     0.030 |
|       genblk1[44].f   |     0.025 |
|       genblk1[45].f   |    <0.001 |
|       genblk1[46].f   |    <0.001 |
|       genblk1[47].f   |    <0.001 |
|       genblk1[48].f   |    <0.001 |
|       genblk1[49].f   |    <0.001 |
|       genblk1[50].f   |    <0.001 |
|       genblk1[51].f   |    <0.001 |
|       genblk1[52].f   |    <0.001 |
|       genblk1[53].f   |    <0.001 |
|       genblk1[54].f   |    <0.001 |
|       genblk1[55].f   |    <0.001 |
|       genblk1[56].f   |    <0.001 |
|       genblk1[57].f   |    <0.001 |
|       genblk1[58].f   |    <0.001 |
|       genblk1[59].f   |    <0.001 |
|       genblk1[5].f    |     0.003 |
|       genblk1[60].f   |    <0.001 |
|       genblk1[61].f   |    <0.001 |
|       genblk1[62].f   |    <0.001 |
|       genblk1[63].f   |    <0.001 |
|       genblk1[64].f   |    <0.001 |
|       genblk1[65].f   |    <0.001 |
|       genblk1[66].f   |    <0.001 |
|       genblk1[67].f   |    <0.001 |
|       genblk1[68].f   |    <0.001 |
|       genblk1[69].f   |     0.037 |
|       genblk1[6].f    |     0.005 |
|       genblk1[71].f   |     0.005 |
|       genblk1[72].f   |     0.035 |
|       genblk1[73].f   |     0.026 |
|       genblk1[74].f   |     0.024 |
|       genblk1[75].f   |     0.002 |
|       genblk1[76].f   |     0.001 |
|       genblk1[77].f   |     0.009 |
|       genblk1[78].f   |     0.014 |
|       genblk1[79].f   |     0.015 |
|       genblk1[7].f    |     0.003 |
|       genblk1[80].f   |     0.012 |
|       genblk1[81].f   |     0.002 |
|       genblk1[82].f   |     0.008 |
|       genblk1[8].f    |     0.002 |
|       genblk1[9].f    |    <0.001 |
|     ID_EX             |     1.047 |
|       genblk1[0].f    |     0.002 |
|       genblk1[100].f  |     0.002 |
|       genblk1[101].f  |    <0.001 |
|       genblk1[102].f  |     0.001 |
|       genblk1[103].f  |     0.002 |
|       genblk1[104].f  |    <0.001 |
|       genblk1[105].f  |    <0.001 |
|       genblk1[106].f  |    <0.001 |
|       genblk1[107].f  |     0.001 |
|       genblk1[108].f  |     0.002 |
|       genblk1[109].f  |     0.002 |
|       genblk1[110].f  |    <0.001 |
|       genblk1[111].f  |    <0.001 |
|       genblk1[112].f  |     0.004 |
|       genblk1[113].f  |    <0.001 |
|       genblk1[114].f  |    <0.001 |
|       genblk1[116].f  |     0.067 |
|       genblk1[117].f  |     0.030 |
|       genblk1[118].f  |     0.011 |
|       genblk1[119].f  |     0.008 |
|       genblk1[120].f  |     0.015 |
|       genblk1[121].f  |     0.010 |
|       genblk1[122].f  |     0.020 |
|       genblk1[123].f  |     0.033 |
|       genblk1[124].f  |     0.010 |
|       genblk1[125].f  |     0.003 |
|       genblk1[126].f  |     0.001 |
|       genblk1[127].f  |     0.007 |
|       genblk1[147].f  |     0.068 |
|       genblk1[148].f  |    <0.001 |
|       genblk1[149].f  |     0.004 |
|       genblk1[150].f  |     0.005 |
|       genblk1[151].f  |     0.006 |
|       genblk1[154].f  |     0.004 |
|       genblk1[15].f   |     0.014 |
|       genblk1[16].f   |     0.161 |
|       genblk1[17].f   |    <0.001 |
|       genblk1[18].f   |    <0.001 |
|       genblk1[19].f   |     0.032 |
|       genblk1[1].f    |     0.001 |
|       genblk1[20].f   |     0.033 |
|       genblk1[21].f   |     0.020 |
|       genblk1[22].f   |     0.012 |
|       genblk1[28].f   |     0.026 |
|       genblk1[29].f   |     0.003 |
|       genblk1[2].f    |     0.002 |
|       genblk1[3].f    |     0.003 |
|       genblk1[51].f   |    <0.001 |
|       genblk1[52].f   |    <0.001 |
|       genblk1[53].f   |    <0.001 |
|       genblk1[54].f   |    <0.001 |
|       genblk1[55].f   |     0.002 |
|       genblk1[56].f   |     0.011 |
|       genblk1[57].f   |     0.012 |
|       genblk1[58].f   |     0.015 |
|       genblk1[59].f   |     0.016 |
|       genblk1[60].f   |    <0.001 |
|       genblk1[61].f   |    <0.001 |
|       genblk1[62].f   |     0.002 |
|       genblk1[63].f   |     0.115 |
|       genblk1[64].f   |    <0.001 |
|       genblk1[65].f   |    <0.001 |
|       genblk1[66].f   |    <0.001 |
|       genblk1[67].f   |    <0.001 |
|       genblk1[68].f   |    <0.001 |
|       genblk1[69].f   |     0.002 |
|       genblk1[70].f   |     0.002 |
|       genblk1[71].f   |    <0.001 |
|       genblk1[72].f   |    <0.001 |
|       genblk1[73].f   |     0.002 |
|       genblk1[74].f   |    <0.001 |
|       genblk1[75].f   |    <0.001 |
|       genblk1[76].f   |     0.002 |
|       genblk1[77].f   |    <0.001 |
|       genblk1[78].f   |     0.002 |
|       genblk1[79].f   |     0.002 |
|       genblk1[80].f   |    <0.001 |
|       genblk1[81].f   |    <0.001 |
|       genblk1[82].f   |    <0.001 |
|       genblk1[83].f   |     0.025 |
|       genblk1[84].f   |     0.039 |
|       genblk1[85].f   |     0.040 |
|       genblk1[86].f   |     0.017 |
|       genblk1[87].f   |     0.012 |
|       genblk1[88].f   |     0.008 |
|       genblk1[89].f   |    <0.001 |
|       genblk1[90].f   |    <0.001 |
|       genblk1[91].f   |    <0.001 |
|       genblk1[92].f   |     0.084 |
|       genblk1[93].f   |    <0.001 |
|       genblk1[94].f   |    <0.001 |
|       genblk1[95].f   |    <0.001 |
|       genblk1[96].f   |    <0.001 |
|       genblk1[97].f   |     0.001 |
|       genblk1[98].f   |    <0.001 |
|       genblk1[99].f   |    <0.001 |
|     IF_ID             |     0.437 |
|       genblk1[10].f   |     0.007 |
|       genblk1[12].f   |    <0.001 |
|       genblk1[13].f   |     0.002 |
|       genblk1[14].f   |    <0.001 |
|       genblk1[15].f   |     0.040 |
|       genblk1[16].f   |     0.019 |
|       genblk1[17].f   |     0.020 |
|       genblk1[20].f   |     0.047 |
|       genblk1[21].f   |     0.069 |
|       genblk1[22].f   |     0.048 |
|       genblk1[23].f   |     0.024 |
|       genblk1[30].f   |     0.001 |
|       genblk1[33].f   |     0.001 |
|       genblk1[34].f   |     0.013 |
|       genblk1[35].f   |     0.007 |
|       genblk1[36].f   |     0.003 |
|       genblk1[37].f   |     0.001 |
|       genblk1[38].f   |     0.002 |
|       genblk1[39].f   |     0.004 |
|       genblk1[40].f   |     0.003 |
|       genblk1[41].f   |     0.003 |
|       genblk1[42].f   |     0.003 |
|       genblk1[43].f   |     0.002 |
|       genblk1[44].f   |     0.003 |
|       genblk1[4].f    |     0.040 |
|       genblk1[5].f    |     0.036 |
|       genblk1[6].f    |     0.015 |
|       genblk1[7].f    |     0.005 |
|       genblk1[8].f    |     0.009 |
|       genblk1[9].f    |     0.007 |
|     MEM_WB            |     0.298 |
|       genblk1[0].f    |     0.005 |
|       genblk1[10].f   |    <0.001 |
|       genblk1[11].f   |    <0.001 |
|       genblk1[12].f   |    <0.001 |
|       genblk1[13].f   |    <0.001 |
|       genblk1[14].f   |    <0.001 |
|       genblk1[15].f   |    <0.001 |
|       genblk1[16].f   |    <0.001 |
|       genblk1[17].f   |    <0.001 |
|       genblk1[18].f   |    <0.001 |
|       genblk1[19].f   |    <0.001 |
|       genblk1[1].f    |     0.005 |
|       genblk1[20].f   |    <0.001 |
|       genblk1[21].f   |    <0.001 |
|       genblk1[22].f   |    <0.001 |
|       genblk1[23].f   |    <0.001 |
|       genblk1[24].f   |    <0.001 |
|       genblk1[25].f   |    <0.001 |
|       genblk1[26].f   |    <0.001 |
|       genblk1[27].f   |    <0.001 |
|       genblk1[28].f   |    <0.001 |
|       genblk1[29].f   |    <0.001 |
|       genblk1[2].f    |     0.006 |
|       genblk1[30].f   |    <0.001 |
|       genblk1[31].f   |    <0.001 |
|       genblk1[32].f   |    <0.001 |
|       genblk1[33].f   |    <0.001 |
|       genblk1[34].f   |    <0.001 |
|       genblk1[35].f   |    <0.001 |
|       genblk1[36].f   |    <0.001 |
|       genblk1[37].f   |     0.007 |
|       genblk1[38].f   |     0.009 |
|       genblk1[39].f   |     0.006 |
|       genblk1[3].f    |     0.003 |
|       genblk1[40].f   |     0.006 |
|       genblk1[41].f   |     0.003 |
|       genblk1[42].f   |    <0.001 |
|       genblk1[43].f   |     0.003 |
|       genblk1[44].f   |     0.001 |
|       genblk1[45].f   |     0.001 |
|       genblk1[46].f   |     0.005 |
|       genblk1[47].f   |     0.003 |
|       genblk1[48].f   |     0.003 |
|       genblk1[49].f   |     0.001 |
|       genblk1[50].f   |    <0.001 |
|       genblk1[51].f   |     0.003 |
|       genblk1[52].f   |    <0.001 |
|       genblk1[53].f   |     0.001 |
|       genblk1[54].f   |     0.001 |
|       genblk1[55].f   |     0.003 |
|       genblk1[56].f   |     0.001 |
|       genblk1[57].f   |     0.001 |
|       genblk1[58].f   |     0.001 |
|       genblk1[59].f   |     0.003 |
|       genblk1[5].f    |     0.001 |
|       genblk1[60].f   |     0.003 |
|       genblk1[61].f   |     0.001 |
|       genblk1[62].f   |     0.002 |
|       genblk1[63].f   |     0.001 |
|       genblk1[64].f   |     0.003 |
|       genblk1[65].f   |     0.001 |
|       genblk1[66].f   |     0.003 |
|       genblk1[67].f   |     0.001 |
|       genblk1[68].f   |     0.003 |
|       genblk1[69].f   |     0.057 |
|       genblk1[6].f    |     0.001 |
|       genblk1[70].f   |     0.130 |
|       genblk1[7].f    |     0.002 |
|       genblk1[8].f    |     0.001 |
|       genblk1[9].f    |    <0.001 |
|     PC                |     0.904 |
|       genblk1[10].f   |     0.014 |
|       genblk1[11].f   |     0.014 |
|       genblk1[12].f   |     0.016 |
|       genblk1[1].f    |     0.002 |
|       genblk1[2].f    |     0.152 |
|       genblk1[3].f    |     0.090 |
|       genblk1[4].f    |     0.045 |
|       genblk1[5].f    |     0.057 |
|       genblk1[6].f    |     0.366 |
|       genblk1[7].f    |     0.083 |
|       genblk1[8].f    |     0.041 |
|       genblk1[9].f    |     0.025 |
|     dmem              |     0.458 |
|     rf                |     0.265 |
|       genblk1[10].ri  |    <0.001 |
|         genblk1[0].f  |    <0.001 |
|         genblk1[10].f |    <0.001 |
|         genblk1[11].f |    <0.001 |
|         genblk1[12].f |    <0.001 |
|         genblk1[13].f |    <0.001 |
|         genblk1[14].f |    <0.001 |
|         genblk1[15].f |    <0.001 |
|         genblk1[16].f |    <0.001 |
|         genblk1[17].f |    <0.001 |
|         genblk1[18].f |    <0.001 |
|         genblk1[19].f |    <0.001 |
|         genblk1[1].f  |    <0.001 |
|         genblk1[20].f |    <0.001 |
|         genblk1[21].f |    <0.001 |
|         genblk1[22].f |    <0.001 |
|         genblk1[23].f |    <0.001 |
|         genblk1[24].f |    <0.001 |
|         genblk1[25].f |    <0.001 |
|         genblk1[26].f |    <0.001 |
|         genblk1[27].f |    <0.001 |
|         genblk1[28].f |    <0.001 |
|         genblk1[29].f |    <0.001 |
|         genblk1[2].f  |    <0.001 |
|         genblk1[30].f |    <0.001 |
|         genblk1[31].f |    <0.001 |
|         genblk1[3].f  |    <0.001 |
|         genblk1[4].f  |    <0.001 |
|         genblk1[5].f  |    <0.001 |
|         genblk1[6].f  |    <0.001 |
|         genblk1[7].f  |    <0.001 |
|         genblk1[8].f  |    <0.001 |
|         genblk1[9].f  |    <0.001 |
|       genblk1[11].ri  |     0.041 |
|         genblk1[0].f  |     0.002 |
|         genblk1[10].f |     0.002 |
|         genblk1[11].f |     0.001 |
|         genblk1[12].f |     0.002 |
|         genblk1[13].f |     0.001 |
|         genblk1[14].f |     0.001 |
|         genblk1[15].f |     0.001 |
|         genblk1[16].f |     0.002 |
|         genblk1[17].f |     0.001 |
|         genblk1[18].f |     0.002 |
|         genblk1[19].f |     0.001 |
|         genblk1[1].f  |    <0.001 |
|         genblk1[20].f |     0.002 |
|         genblk1[21].f |     0.001 |
|         genblk1[22].f |     0.002 |
|         genblk1[23].f |     0.001 |
|         genblk1[24].f |     0.001 |
|         genblk1[25].f |     0.002 |
|         genblk1[26].f |    <0.001 |
|         genblk1[27].f |    <0.001 |
|         genblk1[28].f |     0.001 |
|         genblk1[29].f |    <0.001 |
|         genblk1[2].f  |     0.001 |
|         genblk1[30].f |     0.001 |
|         genblk1[31].f |    <0.001 |
|         genblk1[3].f  |     0.001 |
|         genblk1[4].f  |     0.002 |
|         genblk1[5].f  |    <0.001 |
|         genblk1[6].f  |    <0.001 |
|         genblk1[7].f  |    <0.001 |
|         genblk1[8].f  |     0.001 |
|         genblk1[9].f  |    <0.001 |
|       genblk1[12].ri  |    <0.001 |
|         genblk1[0].f  |    <0.001 |
|         genblk1[10].f |    <0.001 |
|         genblk1[11].f |    <0.001 |
|         genblk1[12].f |    <0.001 |
|         genblk1[13].f |    <0.001 |
|         genblk1[14].f |    <0.001 |
|         genblk1[15].f |    <0.001 |
|         genblk1[16].f |    <0.001 |
|         genblk1[17].f |    <0.001 |
|         genblk1[18].f |    <0.001 |
|         genblk1[19].f |    <0.001 |
|         genblk1[1].f  |    <0.001 |
|         genblk1[20].f |    <0.001 |
|         genblk1[21].f |    <0.001 |
|         genblk1[22].f |    <0.001 |
|         genblk1[23].f |    <0.001 |
|         genblk1[24].f |    <0.001 |
|         genblk1[25].f |    <0.001 |
|         genblk1[26].f |    <0.001 |
|         genblk1[27].f |    <0.001 |
|         genblk1[28].f |    <0.001 |
|         genblk1[29].f |    <0.001 |
|         genblk1[2].f  |    <0.001 |
|         genblk1[30].f |    <0.001 |
|         genblk1[31].f |    <0.001 |
|         genblk1[3].f  |    <0.001 |
|         genblk1[4].f  |    <0.001 |
|         genblk1[5].f  |    <0.001 |
|         genblk1[6].f  |    <0.001 |
|         genblk1[7].f  |    <0.001 |
|         genblk1[8].f  |    <0.001 |
|         genblk1[9].f  |    <0.001 |
|       genblk1[13].ri  |    <0.001 |
|         genblk1[0].f  |    <0.001 |
|         genblk1[10].f |    <0.001 |
|         genblk1[11].f |    <0.001 |
|         genblk1[12].f |    <0.001 |
|         genblk1[13].f |    <0.001 |
|         genblk1[14].f |    <0.001 |
|         genblk1[15].f |    <0.001 |
|         genblk1[16].f |    <0.001 |
|         genblk1[17].f |    <0.001 |
|         genblk1[18].f |    <0.001 |
|         genblk1[19].f |    <0.001 |
|         genblk1[1].f  |    <0.001 |
|         genblk1[20].f |    <0.001 |
|         genblk1[21].f |    <0.001 |
|         genblk1[22].f |    <0.001 |
|         genblk1[23].f |    <0.001 |
|         genblk1[24].f |    <0.001 |
|         genblk1[25].f |    <0.001 |
|         genblk1[26].f |    <0.001 |
|         genblk1[27].f |    <0.001 |
|         genblk1[28].f |    <0.001 |
|         genblk1[29].f |    <0.001 |
|         genblk1[2].f  |    <0.001 |
|         genblk1[30].f |    <0.001 |
|         genblk1[31].f |    <0.001 |
|         genblk1[3].f  |    <0.001 |
|         genblk1[4].f  |    <0.001 |
|         genblk1[5].f  |    <0.001 |
|         genblk1[6].f  |    <0.001 |
|         genblk1[7].f  |    <0.001 |
|         genblk1[8].f  |    <0.001 |
|         genblk1[9].f  |    <0.001 |
|       genblk1[14].ri  |    <0.001 |
|         genblk1[0].f  |    <0.001 |
|         genblk1[10].f |    <0.001 |
|         genblk1[11].f |    <0.001 |
|         genblk1[12].f |    <0.001 |
|         genblk1[13].f |    <0.001 |
|         genblk1[14].f |    <0.001 |
|         genblk1[15].f |    <0.001 |
|         genblk1[16].f |    <0.001 |
|         genblk1[17].f |    <0.001 |
|         genblk1[18].f |    <0.001 |
|         genblk1[19].f |    <0.001 |
|         genblk1[1].f  |    <0.001 |
|         genblk1[20].f |    <0.001 |
|         genblk1[21].f |    <0.001 |
|         genblk1[22].f |    <0.001 |
|         genblk1[23].f |    <0.001 |
|         genblk1[24].f |    <0.001 |
|         genblk1[25].f |    <0.001 |
|         genblk1[26].f |    <0.001 |
|         genblk1[27].f |    <0.001 |
|         genblk1[28].f |    <0.001 |
|         genblk1[29].f |    <0.001 |
|         genblk1[2].f  |    <0.001 |
|         genblk1[30].f |    <0.001 |
|         genblk1[31].f |    <0.001 |
|         genblk1[3].f  |    <0.001 |
|         genblk1[4].f  |    <0.001 |
|         genblk1[5].f  |    <0.001 |
|         genblk1[6].f  |    <0.001 |
|         genblk1[7].f  |    <0.001 |
|         genblk1[8].f  |    <0.001 |
|         genblk1[9].f  |    <0.001 |
|       genblk1[15].ri  |     0.040 |
|         genblk1[0].f  |     0.002 |
|         genblk1[10].f |    <0.001 |
|         genblk1[11].f |    <0.001 |
|         genblk1[12].f |     0.002 |
|         genblk1[13].f |     0.001 |
|         genblk1[14].f |     0.001 |
|         genblk1[15].f |     0.001 |
|         genblk1[16].f |     0.002 |
|         genblk1[17].f |     0.001 |
|         genblk1[18].f |     0.002 |
|         genblk1[19].f |     0.002 |
|         genblk1[1].f  |     0.001 |
|         genblk1[20].f |     0.002 |
|         genblk1[21].f |     0.001 |
|         genblk1[22].f |     0.001 |
|         genblk1[23].f |     0.001 |
|         genblk1[24].f |     0.001 |
|         genblk1[25].f |     0.002 |
|         genblk1[26].f |     0.001 |
|         genblk1[27].f |     0.002 |
|         genblk1[28].f |     0.001 |
|         genblk1[29].f |     0.002 |
|         genblk1[2].f  |    <0.001 |
|         genblk1[30].f |     0.001 |
|         genblk1[31].f |    <0.001 |
|         genblk1[3].f  |     0.001 |
|         genblk1[4].f  |    <0.001 |
|         genblk1[5].f  |    <0.001 |
|         genblk1[6].f  |    <0.001 |
|         genblk1[7].f  |    <0.001 |
|         genblk1[8].f  |     0.001 |
|         genblk1[9].f  |    <0.001 |
|       genblk1[1].ri   |    <0.001 |
|         genblk1[0].f  |    <0.001 |
|         genblk1[10].f |    <0.001 |
|         genblk1[11].f |    <0.001 |
|         genblk1[12].f |    <0.001 |
|         genblk1[13].f |    <0.001 |
|         genblk1[14].f |    <0.001 |
|         genblk1[15].f |    <0.001 |
|         genblk1[16].f |    <0.001 |
|         genblk1[17].f |    <0.001 |
|         genblk1[18].f |    <0.001 |
|         genblk1[19].f |    <0.001 |
|         genblk1[1].f  |    <0.001 |
|         genblk1[20].f |    <0.001 |
|         genblk1[21].f |    <0.001 |
|         genblk1[22].f |    <0.001 |
|         genblk1[23].f |    <0.001 |
|         genblk1[24].f |    <0.001 |
|         genblk1[25].f |    <0.001 |
|         genblk1[26].f |    <0.001 |
|         genblk1[27].f |    <0.001 |
|         genblk1[28].f |    <0.001 |
|         genblk1[29].f |    <0.001 |
|         genblk1[2].f  |    <0.001 |
|         genblk1[30].f |    <0.001 |
|         genblk1[31].f |    <0.001 |
|         genblk1[3].f  |    <0.001 |
|         genblk1[4].f  |    <0.001 |
|         genblk1[5].f  |    <0.001 |
|         genblk1[6].f  |    <0.001 |
|         genblk1[7].f  |    <0.001 |
|         genblk1[8].f  |    <0.001 |
|         genblk1[9].f  |    <0.001 |
|       genblk1[2].ri   |    <0.001 |
|         genblk1[0].f  |    <0.001 |
|         genblk1[10].f |    <0.001 |
|         genblk1[11].f |    <0.001 |
|         genblk1[12].f |    <0.001 |
|         genblk1[13].f |    <0.001 |
|         genblk1[14].f |    <0.001 |
|         genblk1[15].f |    <0.001 |
|         genblk1[16].f |    <0.001 |
|         genblk1[17].f |    <0.001 |
|         genblk1[18].f |    <0.001 |
|         genblk1[19].f |    <0.001 |
|         genblk1[1].f  |    <0.001 |
|         genblk1[20].f |    <0.001 |
|         genblk1[21].f |    <0.001 |
|         genblk1[22].f |    <0.001 |
|         genblk1[23].f |    <0.001 |
|         genblk1[24].f |    <0.001 |
|         genblk1[25].f |    <0.001 |
|         genblk1[26].f |    <0.001 |
|         genblk1[27].f |    <0.001 |
|         genblk1[28].f |    <0.001 |
|         genblk1[29].f |    <0.001 |
|         genblk1[2].f  |    <0.001 |
|         genblk1[30].f |    <0.001 |
|         genblk1[31].f |    <0.001 |
|         genblk1[3].f  |    <0.001 |
|         genblk1[4].f  |    <0.001 |
|         genblk1[5].f  |    <0.001 |
|         genblk1[6].f  |    <0.001 |
|         genblk1[7].f  |    <0.001 |
|         genblk1[8].f  |    <0.001 |
|         genblk1[9].f  |    <0.001 |
|       genblk1[3].ri   |     0.118 |
|         genblk1[0].f  |     0.009 |
|         genblk1[10].f |     0.004 |
|         genblk1[11].f |     0.005 |
|         genblk1[12].f |     0.007 |
|         genblk1[13].f |     0.001 |
|         genblk1[14].f |     0.003 |
|         genblk1[15].f |     0.001 |
|         genblk1[16].f |     0.003 |
|         genblk1[17].f |     0.002 |
|         genblk1[18].f |     0.002 |
|         genblk1[19].f |     0.002 |
|         genblk1[1].f  |     0.008 |
|         genblk1[20].f |     0.002 |
|         genblk1[21].f |     0.002 |
|         genblk1[22].f |     0.001 |
|         genblk1[23].f |     0.001 |
|         genblk1[24].f |     0.002 |
|         genblk1[25].f |     0.002 |
|         genblk1[26].f |     0.002 |
|         genblk1[27].f |     0.002 |
|         genblk1[28].f |     0.002 |
|         genblk1[29].f |     0.002 |
|         genblk1[2].f  |     0.005 |
|         genblk1[30].f |     0.002 |
|         genblk1[31].f |     0.003 |
|         genblk1[3].f  |     0.005 |
|         genblk1[4].f  |     0.005 |
|         genblk1[5].f  |     0.006 |
|         genblk1[6].f  |     0.006 |
|         genblk1[7].f  |     0.007 |
|         genblk1[8].f  |     0.006 |
|         genblk1[9].f  |     0.007 |
|       genblk1[4].ri   |    <0.001 |
|         genblk1[0].f  |    <0.001 |
|         genblk1[10].f |    <0.001 |
|         genblk1[11].f |    <0.001 |
|         genblk1[12].f |    <0.001 |
|         genblk1[13].f |    <0.001 |
|         genblk1[14].f |    <0.001 |
|         genblk1[15].f |    <0.001 |
|         genblk1[16].f |    <0.001 |
|         genblk1[17].f |    <0.001 |
|         genblk1[18].f |    <0.001 |
|         genblk1[19].f |    <0.001 |
|         genblk1[1].f  |    <0.001 |
|         genblk1[20].f |    <0.001 |
|         genblk1[21].f |    <0.001 |
|         genblk1[22].f |    <0.001 |
|         genblk1[23].f |    <0.001 |
|         genblk1[24].f |    <0.001 |
|         genblk1[25].f |    <0.001 |
|         genblk1[26].f |    <0.001 |
|         genblk1[27].f |    <0.001 |
|         genblk1[28].f |    <0.001 |
|         genblk1[29].f |    <0.001 |
|         genblk1[2].f  |    <0.001 |
|         genblk1[30].f |    <0.001 |
|         genblk1[31].f |    <0.001 |
|         genblk1[3].f  |    <0.001 |
|         genblk1[4].f  |    <0.001 |
|         genblk1[5].f  |    <0.001 |
|         genblk1[6].f  |    <0.001 |
|         genblk1[7].f  |    <0.001 |
|         genblk1[8].f  |    <0.001 |
|         genblk1[9].f  |    <0.001 |
|       genblk1[5].ri   |    <0.001 |
|         genblk1[0].f  |    <0.001 |
|         genblk1[10].f |    <0.001 |
|         genblk1[11].f |    <0.001 |
|         genblk1[12].f |    <0.001 |
|         genblk1[13].f |    <0.001 |
|         genblk1[14].f |    <0.001 |
|         genblk1[15].f |    <0.001 |
|         genblk1[16].f |    <0.001 |
|         genblk1[17].f |    <0.001 |
|         genblk1[18].f |    <0.001 |
|         genblk1[19].f |    <0.001 |
|         genblk1[1].f  |    <0.001 |
|         genblk1[20].f |    <0.001 |
|         genblk1[21].f |    <0.001 |
|         genblk1[22].f |    <0.001 |
|         genblk1[23].f |    <0.001 |
|         genblk1[24].f |    <0.001 |
|         genblk1[25].f |    <0.001 |
|         genblk1[26].f |    <0.001 |
|         genblk1[27].f |    <0.001 |
|         genblk1[28].f |    <0.001 |
|         genblk1[29].f |    <0.001 |
|         genblk1[2].f  |    <0.001 |
|         genblk1[30].f |    <0.001 |
|         genblk1[31].f |    <0.001 |
|         genblk1[3].f  |    <0.001 |
|         genblk1[4].f  |    <0.001 |
|         genblk1[5].f  |    <0.001 |
|         genblk1[6].f  |    <0.001 |
|         genblk1[7].f  |    <0.001 |
|         genblk1[8].f  |    <0.001 |
|         genblk1[9].f  |    <0.001 |
|       genblk1[6].ri   |    <0.001 |
|         genblk1[0].f  |    <0.001 |
|         genblk1[10].f |    <0.001 |
|         genblk1[11].f |    <0.001 |
|         genblk1[12].f |    <0.001 |
|         genblk1[13].f |    <0.001 |
|         genblk1[14].f |    <0.001 |
|         genblk1[15].f |    <0.001 |
|         genblk1[16].f |    <0.001 |
|         genblk1[17].f |    <0.001 |
|         genblk1[18].f |    <0.001 |
|         genblk1[19].f |    <0.001 |
|         genblk1[1].f  |    <0.001 |
|         genblk1[20].f |    <0.001 |
|         genblk1[21].f |    <0.001 |
|         genblk1[22].f |    <0.001 |
|         genblk1[23].f |    <0.001 |
|         genblk1[24].f |    <0.001 |
|         genblk1[25].f |    <0.001 |
|         genblk1[26].f |    <0.001 |
|         genblk1[27].f |    <0.001 |
|         genblk1[28].f |    <0.001 |
|         genblk1[29].f |    <0.001 |
|         genblk1[2].f  |    <0.001 |
|         genblk1[30].f |    <0.001 |
|         genblk1[31].f |    <0.001 |
|         genblk1[3].f  |    <0.001 |
|         genblk1[4].f  |    <0.001 |
|         genblk1[5].f  |    <0.001 |
|         genblk1[6].f  |    <0.001 |
|         genblk1[7].f  |    <0.001 |
|         genblk1[8].f  |    <0.001 |
|         genblk1[9].f  |    <0.001 |
|       genblk1[7].ri   |     0.066 |
|         genblk1[0].f  |     0.002 |
|         genblk1[10].f |     0.002 |
|         genblk1[11].f |     0.002 |
|         genblk1[12].f |     0.003 |
|         genblk1[13].f |     0.002 |
|         genblk1[14].f |     0.003 |
|         genblk1[15].f |     0.001 |
|         genblk1[16].f |     0.002 |
|         genblk1[17].f |     0.002 |
|         genblk1[18].f |     0.002 |
|         genblk1[19].f |     0.003 |
|         genblk1[1].f  |     0.003 |
|         genblk1[20].f |     0.001 |
|         genblk1[21].f |     0.002 |
|         genblk1[22].f |     0.002 |
|         genblk1[23].f |     0.002 |
|         genblk1[24].f |     0.002 |
|         genblk1[25].f |     0.002 |
|         genblk1[26].f |     0.002 |
|         genblk1[27].f |     0.002 |
|         genblk1[28].f |     0.003 |
|         genblk1[29].f |     0.002 |
|         genblk1[2].f  |     0.002 |
|         genblk1[30].f |     0.002 |
|         genblk1[31].f |     0.001 |
|         genblk1[3].f  |     0.002 |
|         genblk1[4].f  |     0.002 |
|         genblk1[5].f  |     0.002 |
|         genblk1[6].f  |     0.002 |
|         genblk1[7].f  |     0.003 |
|         genblk1[8].f  |     0.002 |
|         genblk1[9].f  |     0.002 |
|       genblk1[8].ri   |    <0.001 |
|         genblk1[0].f  |    <0.001 |
|         genblk1[10].f |    <0.001 |
|         genblk1[11].f |    <0.001 |
|         genblk1[12].f |    <0.001 |
|         genblk1[13].f |    <0.001 |
|         genblk1[14].f |    <0.001 |
|         genblk1[15].f |    <0.001 |
|         genblk1[16].f |    <0.001 |
|         genblk1[17].f |    <0.001 |
|         genblk1[18].f |    <0.001 |
|         genblk1[19].f |    <0.001 |
|         genblk1[1].f  |    <0.001 |
|         genblk1[20].f |    <0.001 |
|         genblk1[21].f |    <0.001 |
|         genblk1[22].f |    <0.001 |
|         genblk1[23].f |    <0.001 |
|         genblk1[24].f |    <0.001 |
|         genblk1[25].f |    <0.001 |
|         genblk1[26].f |    <0.001 |
|         genblk1[27].f |    <0.001 |
|         genblk1[28].f |    <0.001 |
|         genblk1[29].f |    <0.001 |
|         genblk1[2].f  |    <0.001 |
|         genblk1[30].f |    <0.001 |
|         genblk1[31].f |    <0.001 |
|         genblk1[3].f  |    <0.001 |
|         genblk1[4].f  |    <0.001 |
|         genblk1[5].f  |    <0.001 |
|         genblk1[6].f  |    <0.001 |
|         genblk1[7].f  |    <0.001 |
|         genblk1[8].f  |    <0.001 |
|         genblk1[9].f  |    <0.001 |
|       genblk1[9].ri   |    <0.001 |
|         genblk1[0].f  |    <0.001 |
|         genblk1[10].f |    <0.001 |
|         genblk1[11].f |    <0.001 |
|         genblk1[12].f |    <0.001 |
|         genblk1[13].f |    <0.001 |
|         genblk1[14].f |    <0.001 |
|         genblk1[15].f |    <0.001 |
|         genblk1[16].f |    <0.001 |
|         genblk1[17].f |    <0.001 |
|         genblk1[18].f |    <0.001 |
|         genblk1[19].f |    <0.001 |
|         genblk1[1].f  |    <0.001 |
|         genblk1[20].f |    <0.001 |
|         genblk1[21].f |    <0.001 |
|         genblk1[22].f |    <0.001 |
|         genblk1[23].f |    <0.001 |
|         genblk1[24].f |    <0.001 |
|         genblk1[25].f |    <0.001 |
|         genblk1[26].f |    <0.001 |
|         genblk1[27].f |    <0.001 |
|         genblk1[28].f |    <0.001 |
|         genblk1[29].f |    <0.001 |
|         genblk1[2].f  |    <0.001 |
|         genblk1[30].f |    <0.001 |
|         genblk1[31].f |    <0.001 |
|         genblk1[3].f  |    <0.001 |
|         genblk1[4].f  |    <0.001 |
|         genblk1[5].f  |    <0.001 |
|         genblk1[6].f  |    <0.001 |
|         genblk1[7].f  |    <0.001 |
|         genblk1[8].f  |    <0.001 |
|         genblk1[9].f  |    <0.001 |
|   sd                  |     2.610 |
+-----------------------+-----------+


